proguard/seeds.txt
com.android.auto.iscan.R$array: int decode_centering_mode_entries
com.android.auto.iscan.R$array: int decode_centering_mode_values
com.android.auto.iscan.R$array: int exposure_mode_titles
com.android.auto.iscan.R$array: int exposure_mode_values
com.android.auto.iscan.R$array: int file_save_type_values
com.android.auto.iscan.R$array: int lights_config_values
com.android.auto.iscan.R$array: int lights_config_values_titles
com.android.auto.iscan.R$array: int lights_n_6603_config_values_titles
com.android.auto.iscan.R$array: int lightsintensity_config_values
com.android.auto.iscan.R$array: int lightsintensity_config_values_titles
com.android.auto.iscan.R$array: int method_addcontext_entries
com.android.auto.iscan.R$array: int method_addcontext_values
com.android.auto.iscan.R$array: int method_entries
com.android.auto.iscan.R$array: int method_sendcontext_entries
com.android.auto.iscan.R$array: int method_sendcontext_values
com.android.auto.iscan.R$array: int method_values
com.android.auto.iscan.R$array: int ocr_mode_entries
com.android.auto.iscan.R$array: int ocr_mode_values
com.android.auto.iscan.R$array: int ocr_template_entries
com.android.auto.iscan.R$array: int ocr_template_values
com.android.auto.iscan.R$array: int postal_sym_values
com.android.auto.iscan.R$array: int securite_config_values
com.android.auto.iscan.R$array: int securite_config_values_titles
com.android.auto.iscan.R$array: int sym_aus_interpret_mode_values
com.android.auto.iscan.R$color: int ChattingSenderTextColor
com.android.auto.iscan.R$color: int ConversationVoiceTextColor
com.android.auto.iscan.R$color: int account_info_email_warn_color
com.android.auto.iscan.R$color: int add_btn_text_color
com.android.auto.iscan.R$color: int add_state_color_added
com.android.auto.iscan.R$color: int add_state_color_waiting
com.android.auto.iscan.R$color: int black
com.android.auto.iscan.R$color: int blue
com.android.auto.iscan.R$color: int chat_card_seperator_color
com.android.auto.iscan.R$color: int chatting_bg_purecolor
com.android.auto.iscan.R$color: int conatct_info_summary_color
com.android.auto.iscan.R$color: int conatct_info_weibo_link_color
com.android.auto.iscan.R$color: int dark_bg_color
com.android.auto.iscan.R$color: int darkgrey
com.android.auto.iscan.R$color: int default_background_color
com.android.auto.iscan.R$color: int general_background_color
com.android.auto.iscan.R$color: int general_sub_background_color
com.android.auto.iscan.R$color: int grey
com.android.auto.iscan.R$color: int half_alpha_black
com.android.auto.iscan.R$color: int invite_btn_text_color
com.android.auto.iscan.R$color: int light_grey
com.android.auto.iscan.R$color: int lightgrey
com.android.auto.iscan.R$color: int lightransparent
com.android.auto.iscan.R$color: int mass_send_message_title
com.android.auto.iscan.R$color: int media_explorer_bg_color
com.android.auto.iscan.R$color: int navpage
...
android.support.v4.view.ViewPager: void setScrollState(int)
android.support.v4.view.ViewPager: void setAdapter(android.support.v4.view.PagerAdapter)
android.support.v4.view.ViewPager: android.support.v4.view.PagerAdapter getAdapter()
android.support.v4.view.ViewPager: void setOnAdapterChangeListener(android.support.v4.view.ViewPager$OnAdapterChangeListener)
android.support.v4.view.ViewPager: int getClientWidth()
android.support.v4.view.ViewPager: void setCurrentItem(int)
android.support.v4.view.ViewPager: int getCurrentItem()
android.support.v4.view.ViewPager: void setOnPageChangeListener(android.support.v4.view.ViewPager$OnPageChangeListener)
android.support.v4.view.ViewPager: void setChildrenDrawingOrderEnabledCompat(boolean)
android.support.v4.view.ViewPager: int getOffscreenPageLimit()
android.support.v4.view.ViewPager: void setOffscreenPageLimit(int)
android.support.v4.view.ViewPager: void setPageMargin(int)
android.support.v4.view.ViewPager: int getPageMargin()
android.support.v4.view.ViewPager: void setPageMarginDrawable(android.graphics.drawable.Drawable)
android.support.v4.view.ViewPager: void setPageMarginDrawable(int)
android.support.v4.view.ViewPager: void setScrollingCacheEnabled(boolean)
android.support.v4.view.ViewPager$SavedState: android.os.Parcelable$Creator CREATOR
android.support.v4.widget.DrawerLayout: void setDrawerElevation(float)
android.support.v4.widget.DrawerLayout: float getDrawerElevation()
android.support.v4.widget.DrawerLayout: void setScrimColor(int)
android.support.v4.widget.DrawerLayout: void setDrawerListener(android.support.v4.widget.DrawerLayout$DrawerListener)
android.support.v4.widget.DrawerLayout: void setDrawerLockMode(int)
android.support.v4.widget.DrawerLayout: void setStatusBarBackground(android.graphics.drawable.Drawable)
android.support.v4.widget.DrawerLayout: android.graphics.drawable.Drawable getStatusBarBackgroundDrawable()
android.support.v4.widget.DrawerLayout: void setStatusBarBackground(int)
android.support.v4.widget.DrawerLayout: void setStatusBarBackgroundColor(int)
android.support.v4.widget.DrawerLayout$SavedState: android.os.Parcelable$Creator CREATOR
android.support.v4.widget.NestedScrollView: void setNestedScrollingEnabled(boolean)
android.support.v4.widget.NestedScrollView: int getNestedScrollAxes()
android.support.v4.widget.NestedScrollView: float getTopFadingEdgeStrength()
android.support.v4.widget.NestedScrollView: float getBottomFadingEdgeStrength()
android.support.v4.widget.NestedScrollView: int getMaxScrollAmount()
android.support.v4.widget.NestedScrollView: void setOnScrollChangeListener(android.support.v4.widget.NestedScrollView$OnScrollChangeListener)
android.support.v4.widget.NestedScrollView: void setFillViewport(boolean)
android.support.v4.widget.NestedScrollView: void setSmoothScrollingEnabled(boolean)
android.support.v4.widget.NestedScrollView: float getVerticalScrollFactorCompat()
android.support.v4.widget.NestedScrollView: int getScrollRange()
android.support.v4.widget.NestedScrollView$SavedState: android.os.Parcelable$Creator CREATOR