proguard/mapping.txt
com.android.auto.iscan.RegisterScannerBroadcast -> com.android.auto.iscan.a:
    android.content.Context mContext -> c
    com.android.auto.iscan.broadcast.ScannerBroadcast scannerBroadcast -> d
    com.android.auto.iscan.broadcast.SettingBroadcast settingBroadcast -> e
    android.content.IntentFilter scannerfilter -> a
    android.content.IntentFilter settingfilter -> b
    void RegisterScannerBroastReceiver(com.android.auto.iscan.ScannerServices) -> a
    void RegisterSettingBroastReceiver(com.android.auto.iscan.ScannerServices) -> b
    void UnregisterReceiver() -> a
com.android.auto.iscan.ScanFeedback -> com.android.auto.iscan.b:
    boolean mSBeepEnabled -> c
    boolean mFBeepEnabled -> d
    boolean mVibrateEnabled -> e
    android.os.Vibrator mVibrator -> f
    long mVibrateTime -> g
    boolean mLightEnable -> h
    com.android.LedControll led -> a
    int dev_num -> b
    android.content.Context mContext -> i
    android.media.SoundPool soundpool -> j
    java.util.HashMap spMap -> k
    boolean enbaleLED -> l
    void initSoundPool() -> c
    void setSuccessfulBeepEnabled(boolean) -> a
    void setFailureBeepEnabled(boolean) -> b
    void setVibrateEnabled(boolean) -> c
    void setLightEnabled(boolean) -> d
    void handleSuccessfulScan() -> a
    void handleFailureScan() -> b
    void Fbeep() -> d
    void Sbeep() -> e
    void vibrate() -> f
    void SetLed_SatrtScan(boolean) -> e
    void SetLed_SatopScan(boolean) -> f
    void SetLed_ResultScan(boolean) -> g
    void SetLed_ScanClose(boolean) -> h
com.android.auto.iscan.ScannerServices -> com.android.auto.iscan.ScannerServices:
    boolean m_key_barcodescan -> a
    boolean m_key_rfidscan -> b
    int m_key_broadcast -> c
    int m_key_charset -> d
    boolean m_key_beep -> e
    boolean m_key_beep_faliure -> f
    boolean m_key_vibrate -> g
    boolean m_key_enter -> h
    boolean m_key_power -> i
    boolean m_key_lr -> j
    boolean m_key_tab -> k
    boolean m_key_light -> l
    boolean m_key_notice -> m
    boolean m_key_icon -> n
    boolean m_key_continuscan -> o
    boolean m_key_deletect -> p
    boolean m_key_lock -> q
    boolean CameraOpen -> r
    boolean SetingActivty -> s
    int key_terminator -> t
    java.lang.String mLabelPrefix -> u
    java.lang.String mLabelSuffix -> v
    java.lang.String f_character -> w
    boolean mErrorBroadCast -> x
    int mLabelleft -> y
    int mLabelright -> z
    int mIntervalTime -> A
    int mIntervalOutTime -> B
    int key_f9 -> C
    int key_f10 -> D
    int key_f11 -> E
    int key_f8 -> F
    int key_f1 -> G
    int key_f2 -> H
    int timeout -> I
    boolean isFirstOn -> J
    java.lang.String en_mode -> K
    com.android.auto.iscan.utility.NoticeManager scannnerNoticeManager -> L
    com.android.auto.iscan.ScannnerManager scannerManager -> M
    com.android.auto.iscan.RegisterScannerBroadcast scannerBroadcastManager -> N
    com.android.auto.iscan.ScanFeedback scanFeedback -> O
com.android.auto.iscan.ScannerServices$1 -> com.android.auto.iscan.c:
    com.android.auto.iscan.ScannerServices this$0 -> a
    void openScanner() -> a
    void closeScanner() -> b
    boolean getScannerState() -> c
    boolean getTriggerLockState() -> d
    boolean lockTrigger() -> e
    boolean unlockTrigger() -> f
    int getOutputMode() -> g
    boolean switchOutputMode(int) -> a
    boolean startDecode() -> h
    boolean stopDecode() -> i
com.android.auto.iscan.ScannerServices$MyBinder -> com.android.auto.iscan.d:
    com.barcode.sdk.CameraMonkey mCameraMonkey -> a
    com.android.auto.iscan.ScannerServices this$0 -> b
    void onCameraStateChange(int) -> onCameraStateChange
...
org.apache.log4j.Category -> b.a.a.c:
    java.lang.String name -> a
    org.apache.log4j.Level level -> b
    org.apache.log4j.Category parent -> c
    java.lang.String FQCN -> i
    java.util.ResourceBundle resourceBundle -> d
    org.apache.log4j.spi.LoggerRepository repository -> e
    org.apache.log4j.helpers.AppenderAttachableImpl aai -> f
    boolean additive -> g
    java.lang.Class class$org$apache$log4j$Category -> h
    void addAppender(org.apache.log4j.Appender) -> a
    void callAppenders(org.apache.log4j.spi.LoggingEvent) -> a
    void closeNestedAppenders() -> a
    void debug(java.lang.Object) -> a
    void forcedLog(java.lang.String,org.apache.log4j.Priority,java.lang.Object,java.lang.Throwable) -> a
    java.util.Enumeration getAllAppenders() -> b
    org.apache.log4j.Level getEffectiveLevel() -> c
    org.apache.log4j.spi.LoggerRepository getLoggerRepository() -> d
    java.lang.String getName() -> e
    org.apache.log4j.Level getLevel() -> f
    void fireRemoveAppenderEvent(org.apache.log4j.Appender) -> b
    void removeAllAppenders() -> g
    void setAdditivity(boolean) -> a
    void setHierarchy(org.apache.log4j.spi.LoggerRepository) -> a
    void setLevel(org.apache.log4j.Level) -> a
    void setResourceBundle(java.util.ResourceBundle) -> a
    java.lang.Class class$(java.lang.String) -> a
org.apache.log4j.CategoryKey -> b.a.a.d:
    java.lang.String name -> a
    int hashCache -> b
    java.lang.Class class$org$apache$log4j$CategoryKey -> c
    int hashCode() -> hashCode
    boolean equals(java.lang.Object) -> equals
    java.lang.Class class$(java.lang.String) -> a
org.apache.log4j.DefaultCategoryFactory -> b.a.a.e:
    org.apache.log4j.Logger makeNewLoggerInstance(java.lang.String) -> a
org.apache.log4j.DefaultThrowableRenderer -> b.a.a.f:
    java.lang.String[] doRender(java.lang.Throwable) -> a
    java.lang.String[] render(java.lang.Throwable) -> b
org.apache.log4j.FileAppender -> b.a.a.g:
    boolean fileAppend -> a
    java.lang.String fileName -> i
    boolean bufferedIO -> j
    int bufferSize -> k
    void activateOptions() -> e
    void closeFile() -> c
    void setFile(java.lang.String,boolean,boolean,int) -> a
    void setQWForFiles(java.io.Writer) -> a
    void reset() -> g
org.apache.log4j.Hierarchy -> b.a.a.h:
    org.apache.log4j.spi.LoggerFactory defaultFactory -> h
    java.util.Vector listeners -> i
    java.util.Hashtable ht -> a
    org.apache.log4j.Logger root -> b
    org.apache.log4j.or.RendererMap rendererMap -> c
    int thresholdInt -> d
    org.apache.log4j.Level threshold -> e
    boolean emittedNoAppenderWarning -> f
    boolean emittedNoResourceBundleWarning -> g
    org.apache.log4j.spi.ThrowableRenderer throwableRenderer -> j
    void emitNoAppenderWarning(org.apache.log4j.Category) -> a
    void setThreshold(org.apache.log4j.Level) -> a
    void fireAddAppenderEvent(org.apache.log4j.Category,org.apache.log4j.Appender) -> a
    void fireRemoveAppenderEvent(org.apache.log4j.Category,org.apache.log4j.Appender) -> b
    org.apache.log4j.Level getThreshold() -> a
    org.apache.log4j.Logger getLogger(java.lang.String) -> a
    org.apache.log4j.Logger getLogger(java.lang.String,org.apache.log4j.spi.LoggerFactory) -> a
    java.util.Enumeration getCurrentLoggers() -> b
    org.apache.log4j.or.RendererMap getRendererMap() -> c
    org.apache.log4j.Logger getRootLogger() -> d
    boolean isDisabled(int) -> a
    void resetConfiguration() -> e
    void setRenderer(java.lang.Class,org.apache.log4j.or.ObjectRenderer) -> a
    void setThrowableRenderer(org.apache.log4j.spi.ThrowableRenderer) -> a
    org.apache.log4j.spi.ThrowableRenderer getThrowableRenderer() -> f
    void shutdown() -> g