proguard/usage.txt
com.android.auto.iscan.BuildConfig
com.android.auto.iscan.R
com.android.auto.iscan.R$array
com.android.auto.iscan.R$attr
com.android.auto.iscan.R$color
com.android.auto.iscan.R$dimen
com.android.auto.iscan.R$drawable
com.android.auto.iscan.R$id
com.android.auto.iscan.R$integer
com.android.auto.iscan.R$layout
com.android.auto.iscan.R$raw
com.android.auto.iscan.R$string
com.android.auto.iscan.R$style
com.android.auto.iscan.R$xml
com.android.auto.iscan.ScannerServices$MyBinder:
    private static final int CAMERA_CLOSE
    private static final int CAMERA_OPNEN
com.android.auto.iscan.activity.AdvancedSettingActivity$AdvancedSettingFragement:
    511:561:public void showPassswordDialog2(java.lang.String)
com.android.auto.iscan.activity.AdvancedSettingActivity$AdvancedSettingFragement$8
com.android.auto.iscan.activity.AdvancedSettingActivity$AdvancedSettingFragement$9
com.android.auto.iscan.activity.BarcodeTestActivty:
    private int intentdata
    int hour1
    long hour
com.android.auto.iscan.activity.ConfigurationSettingsActivity:
    private static final java.lang.String TAG
    45:46:void HandleDecoderException(com.hsm.barcode.DecoderException)
com.android.auto.iscan.activity.PreviewActivty:
    private static final java.lang.String KEY_CAMERAOPENE_ACTION
    private static final java.lang.String KEY_CAMERCLOSE_ACTION
com.android.auto.iscan.activity.SE4710SettingsActivity
com.android.auto.iscan.activity.ScankeyConfigActivity:
    private android.widget.RadioButton check_barcode_up_l
    private android.widget.RadioButton check_rfid_up_l
    private android.widget.RadioButton check_user_up_l
    private android.widget.RadioButton check_barcode_up_r
    private android.widget.RadioButton check_rfid_up_r
    private android.widget.RadioButton check_user_up_r
com.android.auto.iscan.activity.ScannerSettingsActivity:
    private static final java.lang.String TAG
    58:59:void HandleDecoderException(com.hsm.barcode.DecoderException)
    69:71:public boolean onPreferenceChange(android.preference.Preference,java.lang.Object)
com.android.auto.iscan.activity.ScrollViewActivity:
    private int intentdata
com.android.auto.iscan.activity.ScrollViewActivity$Holder:
    192:192:ScrollViewActivity$Holder()
com.android.auto.iscan.activity.SettingActivity$SettingFragement:
    private android.preference.PreferenceScreen root
    271:273:public void stopService()
com.android.auto.iscan.barcodescanner.OnScanListener:
    public abstract int getParams(int)
    public abstract byte[] GetLastImage()
com.android.auto.iscan.barcodescanner.ScanCallBack:
    public abstract int onFail(int)
com.android.auto.iscan.internet.GetWebData:
    17:17:public GetWebData()
com.android.auto.iscan.internet.UpdateManager:
    private static final int DOWNLOAD
    private static final int DOWNLOAD_FINISH
    private static final int DOWN_ERROR
    private static final int GET_UNDATAINFO_ERROR
    private static final int UPDATA_CLIENT
    private static final int NO_UPDATA
    private static final int Get_APKINFOR
com.android.auto.iscan.utility.AScanLog:
    48:51:public void LOGI(java.lang.String)
    54:57:public void LOGE(java.lang.String)
com.android.auto.iscan.utility.ConstantUtil
com.android.auto.iscan.utility.Gather
com.android.auto.iscan.utility.OsModule
com.android.auto.iscan.utility.OsModule$Receive
com.android.auto.iscan.utility.ParamNum
com.android.auto.iscan.utility.ScanLog:
    48:51:public void LOGI(java.lang.String)
    54:57:public void LOGE(java.lang.String)
com.android.auto.iscan.utility.Variable:
    93:94:public void SetAotuStartState(boolean)
    250:252:public void SetOutputLog(boolean)
    280:281:public void SetUpLeftkeyValue(int)
    290:291:public void SetUpRightkeyValue(int)
    388:389:public void SetDecodeCenter(boolean)
    393:393:public boolean GetDecodeCenter()
...
android.support.v4.media.session.MediaSessionCompat$Token$1
android.support.v4.media.session.MediaSessionCompatApi14
android.support.v4.media.session.MediaSessionCompatApi14$Callback
android.support.v4.media.session.MediaSessionCompatApi18
android.support.v4.media.session.MediaSessionCompatApi18$OnPlaybackPositionUpdateListener
android.support.v4.media.session.MediaSessionCompatApi19
android.support.v4.media.session.MediaSessionCompatApi19$OnMetadataUpdateListener
android.support.v4.media.session.MediaSessionCompatApi21
android.support.v4.media.session.MediaSessionCompatApi21$Callback
android.support.v4.media.session.MediaSessionCompatApi21$CallbackProxy
android.support.v4.media.session.MediaSessionCompatApi21$QueueItem
android.support.v4.media.session.MediaSessionCompatApi22
android.support.v4.media.session.MediaSessionCompatApi23
android.support.v4.media.session.MediaSessionCompatApi23$Callback
android.support.v4.media.session.MediaSessionCompatApi23$CallbackProxy
android.support.v4.media.session.MediaSessionCompatApi8
android.support.v4.media.session.ParcelableVolumeInfo
android.support.v4.media.session.ParcelableVolumeInfo$1
android.support.v4.media.session.PlaybackStateCompat
android.support.v4.media.session.PlaybackStateCompat$1
android.support.v4.media.session.PlaybackStateCompat$Actions
android.support.v4.media.session.PlaybackStateCompat$Builder
android.support.v4.media.session.PlaybackStateCompat$CustomAction
android.support.v4.media.session.PlaybackStateCompat$CustomAction$1
android.support.v4.media.session.PlaybackStateCompat$CustomAction$Builder
android.support.v4.media.session.PlaybackStateCompat$State
android.support.v4.media.session.PlaybackStateCompatApi21
android.support.v4.media.session.PlaybackStateCompatApi21$CustomAction
android.support.v4.media.session.PlaybackStateCompatApi22
android.support.v4.net.ConnectivityManagerCompat
android.support.v4.net.ConnectivityManagerCompat$BaseConnectivityManagerCompatImpl
android.support.v4.net.ConnectivityManagerCompat$ConnectivityManagerCompatImpl
android.support.v4.net.ConnectivityManagerCompat$GingerbreadConnectivityManagerCompatImpl
android.support.v4.net.ConnectivityManagerCompat$HoneycombMR2ConnectivityManagerCompatImpl
android.support.v4.net.ConnectivityManagerCompat$JellyBeanConnectivityManagerCompatImpl
android.support.v4.net.ConnectivityManagerCompatGingerbread
android.support.v4.net.ConnectivityManagerCompatHoneycombMR2
android.support.v4.net.ConnectivityManagerCompatJellyBean
android.support.v4.net.TrafficStatsCompat
android.support.v4.net.TrafficStatsCompat$1
android.support.v4.net.TrafficStatsCompat$BaseTrafficStatsCompatImpl
android.support.v4.net.TrafficStatsCompat$BaseTrafficStatsCompatImpl$1
android.support.v4.net.TrafficStatsCompat$BaseTrafficStatsCompatImpl$SocketTags
android.support.v4.net.TrafficStatsCompat$IcsTrafficStatsCompatImpl
android.support.v4.net.TrafficStatsCompat$TrafficStatsCompatImpl
android.support.v4.net.TrafficStatsCompatIcs
android.support.v4.os.AsyncTaskCompat
android.support.v4.os.AsyncTaskCompatHoneycomb
android.support.v4.os.CancellationSignal
android.support.v4.os.CancellationSignal$OnCancelListener
android.support.v4.os.CancellationSignalCompatJellybean
android.support.v4.os.EnvironmentCompat
android.support.v4.os.EnvironmentCompatKitKat
android.support.v4.os.IResultReceiver
android.support.v4.os.IResultReceiver$Stub
android.support.v4.os.IResultReceiver$Stub$Proxy
android.support.v4.os.OperationCanceledException
android.support.v4.os.ParcelableCompat
android.support.v4.os.ParcelableCompat$CompatCreator
android.support.v4.os.ParcelableCompatCreatorCallbacks
android.support.v4.os.ParcelableCompatCreatorHoneycombMR2
android.support.v4.os.ParcelableCompatCreatorHoneycombMR2Stub
android.support.v4.os.ResultReceiver
android.support.v4.os.ResultReceiver$1
android.support.v4.os.ResultReceiver$MyResultReceiver
android.support.v4.os.ResultReceiver$MyRunnable